<?xml version="1.0" encoding="UTF-8"?>
<!-- Generated by org.testng.reporters.JUnitReportReporter -->
<testsuite hostname="LAPTOP-KRJ87BFA" name="com.practice.AnnotationHierarchy" tests="2" failures="0" timestamp="16 Sep 2022 05:12:05 GMT" time="0.011" errors="0">
  <testcase name="testCase1" time="0.008" classname="com.practice.AnnotationHierarchy"/>
  <testcase name="testCase2" time="0.003" classname="com.practice.AnnotationHierarchy"/>
</testsuite> <!-- com.practice.AnnotationHierarchy -->
