<?xml version="1.0" encoding="UTF-8"?>
<!-- Generated by org.testng.reporters.JUnitReportReporter -->
<testsuite hostname="LAPTOP-KRJ87BFA" name="com.practice.ExtentReportEx" tests="1" failures="0" timestamp="14 Sep 2022 06:53:20 GMT" time="9.391" errors="0">
  <testcase name="orangeHrm" time="9.391" classname="com.practice.ExtentReportEx"/>
</testsuite> <!-- com.practice.ExtentReportEx -->
