<?xml version="1.0" encoding="UTF-8"?>
<!-- Generated by org.testng.reporters.JUnitReportReporter -->
<testsuite hostname="LAPTOP-KRJ87BFA" name="com.executionfinal.FinalExecution" tests="4" failures="0" timestamp="10 Sep 2022 17:31:17 GMT" time="0.024" errors="0">
  <testcase name="two" time="0.003" classname="com.executionfinal.FinalExecution"/>
  <testcase name="music" time="0.002" classname="com.executionfinal.FinalExecution"/>
  <testcase name="one" time="0.017" classname="com.executionfinal.FinalExecution"/>
  <testcase name="three" time="0.002" classname="com.executionfinal.FinalExecution"/>
</testsuite> <!-- com.executionfinal.FinalExecution -->
