<?xml version="1.0" encoding="UTF-8"?>
<!-- Generated by org.testng.reporters.JUnitReportReporter -->
<testsuite hostname="LAPTOP-KRJ87BFA" name="com.executionfinal.Sample" tests="3" failures="0" timestamp="10 Sep 2022 17:31:17 GMT" time="5.674" errors="0">
  <testcase name="shopee" time="0.673" classname="com.executionfinal.Sample"/>
  <testcase name="amazon" time="2.018" classname="com.executionfinal.Sample"/>
  <testcase name="flipKart" time="2.983" classname="com.executionfinal.Sample"/>
</testsuite> <!-- com.executionfinal.Sample -->
