<?xml version="1.0" encoding="UTF-8"?>
<!-- Generated by org.testng.reporters.JUnitReportReporter -->
<testsuite hostname="LAPTOP-KRJ87BFA" name="com.practice.DataProviderExcel" tests="5" failures="0" timestamp="17 Sep 2022 13:10:05 GMT" time="29.813" errors="0">
  <testcase name="loginPage" time="5.653" classname="com.practice.DataProviderExcel"/>
  <testcase name="loginPage" time="5.280" classname="com.practice.DataProviderExcel"/>
  <testcase name="loginPage" time="7.366" classname="com.practice.DataProviderExcel"/>
  <testcase name="loginPage" time="5.232" classname="com.practice.DataProviderExcel"/>
  <testcase name="loginPage" time="6.282" classname="com.practice.DataProviderExcel"/>
</testsuite> <!-- com.practice.DataProviderExcel -->
