<?xml version="1.0" encoding="UTF-8"?>
<!-- Generated by org.testng.reporters.JUnitReportReporter -->
<testsuite hostname="LAPTOP-KRJ87BFA" name="com.practice.ParallelTest" tests="2" failures="0" timestamp="11 Sep 2022 04:28:10 GMT" time="9.860" errors="0">
  <testcase name="chrome" time="6.094" classname="com.practice.ParallelTest"/>
  <testcase name="edge" time="3.766" classname="com.practice.ParallelTest"/>
</testsuite> <!-- com.practice.ParallelTest -->
