<?xml version="1.0" encoding="UTF-8"?>
<!-- Generated by org.testng.reporters.JUnitReportReporter -->
<testsuite hostname="LAPTOP-KRJ87BFA" name="com.practice.DataProviderEx" tests="4" failures="0" timestamp="13 Sep 2022 18:00:21 GMT" time="27.884" errors="0">
  <testcase name="launchBrowser" time="9.881" classname="com.practice.DataProviderEx"/>
  <testcase name="launchBrowser" time="6.587" classname="com.practice.DataProviderEx"/>
  <testcase name="launchBrowser" time="5.926" classname="com.practice.DataProviderEx"/>
  <testcase name="launchBrowser" time="5.490" classname="com.practice.DataProviderEx"/>
</testsuite> <!-- com.practice.DataProviderEx -->
