<?xml version="1.0" encoding="UTF-8"?>
<!-- Generated by org.testng.reporters.JUnitReportReporter -->
<testsuite hostname="LAPTOP-KRJ87BFA" name="com.practice.GroupClass" tests="4" failures="0" timestamp="14 Sep 2022 05:08:41 GMT" time="0.024" errors="0">
  <testcase name="four" time="0.020" classname="com.practice.GroupClass"/>
  <testcase name="two" time="0.002" classname="com.practice.GroupClass"/>
  <testcase name="three" time="0.001" classname="com.practice.GroupClass"/>
  <testcase name="one" time="0.001" classname="com.practice.GroupClass"/>
</testsuite> <!-- com.practice.GroupClass -->
