<?xml version="1.0" encoding="UTF-8"?>
<!-- Generated by org.testng.reporters.JUnitReportReporter -->
<testsuite hostname="LAPTOP-KRJ87BFA" name="com.practice.ParameterEx" tests="1" failures="0" timestamp="10 Sep 2022 17:31:17 GMT" time="1.562" errors="0">
  <testcase name="browser" time="1.562" classname="com.practice.ParameterEx"/>
</testsuite> <!-- com.practice.ParameterEx -->
