<?xml version="1.0" encoding="UTF-8"?>
<!-- Generated by org.testng.reporters.JUnitReportReporter -->
<testsuite hostname="LAPTOP-KRJ87BFA" name="com.practice.PassExcelData" tests="4" failures="0" timestamp="13 Sep 2022 14:36:34 GMT" time="27.497" errors="0">
  <testcase name="loginPage" time="5.514" classname="com.practice.PassExcelData"/>
  <testcase name="loginPage" time="5.803" classname="com.practice.PassExcelData"/>
  <testcase name="loginPage" time="9.114" classname="com.practice.PassExcelData"/>
  <testcase name="loginPage" time="7.066" classname="com.practice.PassExcelData"/>
</testsuite> <!-- com.practice.PassExcelData -->
