<?xml version="1.0" encoding="UTF-8"?>
<!-- Generated by org.testng.reporters.JUnitReportReporter -->
<testsuite hostname="LAPTOP-KRJ87BFA" name="com.practice.VerbosExample" tests="2" failures="0" timestamp="13 Sep 2022 09:52:58 GMT" time="0.013" errors="0">
  <testcase name="verbosOne" time="0.011" classname="com.practice.VerbosExample"/>
  <testcase name="verbosTwo" time="0.002" classname="com.practice.VerbosExample"/>
</testsuite> <!-- com.practice.VerbosExample -->
