<?xml version="1.0" encoding="UTF-8"?>
<!-- Generated by org.testng.reporters.JUnitReportReporter -->
<testsuite hostname="LAPTOP-KRJ87BFA" name="com.executionfinal.DependenciesManagement" tests="3" failures="0" timestamp="10 Sep 2022 17:31:17 GMT" time="0.014" errors="0">
  <testcase name="highSchool" time="0.010" classname="com.executionfinal.DependenciesManagement"/>
  <testcase name="higherSecondary" time="0.002" classname="com.executionfinal.DependenciesManagement"/>
  <testcase name="engineering" time="0.002" classname="com.executionfinal.DependenciesManagement"/>
</testsuite> <!-- com.executionfinal.DependenciesManagement -->
